<?xml version="1.0" encoding="UTF-8"?>
<!-- Generated by org.testng.reporters.JUnitReportReporter -->
<testsuite hostname="DESKTOP-1KMDQFU" failures="0" tests="8" name="sample.Layout2" time="10.000" errors="0" timestamp="2023-10-30T23:03:42 IST" skipped="0">
  <testcase classname="sample.Layout2" name="Tectfield" time="0.297"/>
  <testcase classname="sample.Layout2" name="Gendercheckbox" time="0.130"/>
  <testcase classname="sample.Layout2" name="Dropdown" time="0.148"/>
  <testcase classname="sample.Layout2" name="Multidrop" time="0.190"/>
  <testcase classname="sample.Layout2" name="Search" time="0.214"/>
  <testcase classname="sample.Layout2" name="Slider" time="0.433"/>
  <testcase classname="sample.Layout2" name="Uploadfile" time="2.235"/>
  <testcase classname="sample.Layout2" name="LongText" time="6.353"/>
</testsuite> <!-- sample.Layout2 -->
