<?xml version="1.0" encoding="UTF-8"?>
<!-- Generated by org.testng.reporters.JUnitReportReporter -->
<testsuite hostname="DESKTOP-1KMDQFU" failures="0" tests="5" name="sample.Layout1" time="3.144" errors="0" timestamp="2023-10-31T09:24:19 IST" skipped="0">
  <testcase classname="sample.Layout1" name="Gettext" time="0.037"/>
  <testcase classname="sample.Layout1" name="Doubleclick" time="0.173"/>
  <testcase classname="sample.Layout1" name="LoginFunctionality" time="0.549"/>
  <testcase classname="sample.Layout1" name="Alert" time="2.088"/>
  <testcase classname="sample.Layout1" name="DragDrop" time="0.297"/>
</testsuite> <!-- sample.Layout1 -->
