<?xml version="1.0" encoding="UTF-8"?>
<!-- Generated by org.testng.reporters.JUnitReportReporter -->
<testsuite hostname="DESKTOP-1KMDQFU" failures="0" tests="5" name="sample.Layout1" time="3.024" errors="0" timestamp="2023-10-30T18:20:21 IST" skipped="0">
  <testcase classname="sample.Layout1" name="Gettext" time="0.033"/>
  <testcase classname="sample.Layout1" name="Doubleclick" time="0.184"/>
  <testcase classname="sample.Layout1" name="LoginFunctionality" time="0.321"/>
  <testcase classname="sample.Layout1" name="Alert" time="2.183"/>
  <testcase classname="sample.Layout1" name="DragDrop" time="0.303"/>
</testsuite> <!-- sample.Layout1 -->
