<?xml version="1.0" encoding="UTF-8"?>
<!-- Generated by org.testng.reporters.JUnitReportReporter -->
<testsuite hostname="DESKTOP-1KMDQFU" failures="0" tests="8" name="sample.Layout2" time="9.445" errors="0" timestamp="2023-10-31T09:29:00 IST" skipped="0">
  <testcase classname="sample.Layout2" name="Tectfield" time="0.215"/>
  <testcase classname="sample.Layout2" name="Gendercheckbox" time="0.071"/>
  <testcase classname="sample.Layout2" name="Dropdown" time="0.077"/>
  <testcase classname="sample.Layout2" name="Multidrop" time="0.098"/>
  <testcase classname="sample.Layout2" name="Search" time="0.107"/>
  <testcase classname="sample.Layout2" name="Slider" time="0.538"/>
  <testcase classname="sample.Layout2" name="Uploadfile" time="2.142"/>
  <testcase classname="sample.Layout2" name="LongText" time="6.197"/>
</testsuite> <!-- sample.Layout2 -->
