<?xml version="1.0" encoding="UTF-8"?>
<!-- Generated by org.testng.reporters.JUnitReportReporter -->
<testsuite hostname="DESKTOP-1KMDQFU" failures="0" tests="1" name="abhiram.Task" time="124.254" errors="0" timestamp="2023-11-23T11:23:03 IST" skipped="0">
  <testcase classname="abhiram.Task" name="Patientcount" time="124.254"/>
</testsuite> <!-- abhiram.Task -->
