<?xml version="1.0" encoding="UTF-8"?>
<!-- Generated by org.testng.reporters.JUnitReportReporter -->
<testsuite hostname="DESKTOP-1KMDQFU" failures="0" tests="1" name="abhiram.Task2" time="35.404" errors="0" timestamp="2023-11-22T18:26:31 IST" skipped="0">
  <testcase classname="abhiram.Task2" name="testCreatePatient" time="35.404"/>
</testsuite> <!-- abhiram.Task2 -->
